{"timestamp": "2025-01-01T12:00:00", "revit_user": "test", "script_name": "test"}
{"timestamp": "2025-01-01T12:00:00", "revit_user": "test", "script_name": "test"}
{"timestamp": "2025-09-09T15:19:42", "revit_user": "Unknown", "script_name": "Unknown_Script"}
{"timestamp": "2025-09-09T15:23:08", "revit_user": "ldelevaux", "script_name": "RoomGridDesign"}
{"timestamp": "2025-09-09T15:27:33", "revit_user": "ldelevaux", "script_name": "RoomGridDesign"}
{"timestamp": "2025-09-09T15:48:35", "revit_user": "ldelevaux", "script_name": "RoomGridDesign"}
{"timestamp": "2025-09-09T15:49:55", "revit_user": "ldelevaux", "script_name": "RoomGridDesign"}
{"timestamp": "2025-09-09T16:52:07", "revit_user": "ldelevaux", "script_name": "RoomGridAnalysis"}
{"timestamp": "2025-09-09T16:54:32", "revit_user": "ldelevaux", "script_name": "RoomGridAnalysis"}
{"timestamp": "2025-09-09T16:55:07", "revit_user": "ldelevaux", "script_name": "RoomGridAnalysis"}
{"timestamp": "2025-09-09T16:56:03", "revit_user": "ldelevaux", "script_name": "RoomGridAnalysis"}
{"timestamp": "2025-09-09T17:15:51", "revit_user": "ldelevaux", "script_name": "RoomGridAnalysis"}
{"timestamp": "2025-09-09T17:17:12", "revit_user": "ldelevaux", "script_name": "RoomGridDesign"}
{"timestamp": "2025-09-09T17:17:53", "revit_user": "ldelevaux", "script_name": "RoomGridAnalysis"}
{"timestamp": "2025-09-09T17:21:56", "revit_user": "ldelevaux", "script_name": "RoomGridAnalysis"}
{"timestamp": "2025-09-09T20:54:08", "revit_user": "ldelevaux", "script_name": "RoomGridAnalysis"}
{"timestamp": "2025-09-09T20:54:20", "revit_user": "ldelevaux", "script_name": "RoomGridDesign"}
{"timestamp": "2025-09-09T20:54:31", "revit_user": "ldelevaux", "script_name": "RoomGridDesign"}
{"timestamp": "2025-09-09T20:54:42", "revit_user": "ldelevaux", "script_name": "RoomGridAnalysis"}
{"timestamp": "2025-09-09T21:03:25", "revit_user": "ldelevaux", "script_name": "RoomGridDesign"}
{"timestamp": "2025-09-09T21:03:47", "revit_user": "ldelevaux", "script_name": "RoomGridDesign"}
{"timestamp": "2025-09-09T21:04:00", "revit_user": "ldelevaux", "script_name": "RoomGridAnalysis"}
{"timestamp": "2025-09-09T21:04:43", "revit_user": "ldelevaux", "script_name": "RoomGridDesign"}
{"timestamp": "2025-09-09T21:04:56", "revit_user": "ldelevaux", "script_name": "RoomGridAnalysis"}
{"timestamp": "2025-09-09T21:05:26", "revit_user": "ldelevaux", "script_name": "RoomGridAnalysis"}
{"timestamp": "2025-09-09T21:09:36", "revit_user": "ldelevaux", "script_name": "RoomGridAnalysis_Optimized"}
{"timestamp": "2025-09-09T21:16:36", "revit_user": "ldelevaux", "script_name": "RoomGridDesign"}
{"timestamp": "2025-09-09T21:17:48", "revit_user": "ldelevaux", "script_name": "RoomGridDesign"}
{"timestamp": "2025-09-09T21:20:17", "revit_user": "ldelevaux", "script_name": "RoomGridDesign"}
{"timestamp": "2025-09-09T21:22:35", "revit_user": "ldelevaux", "script_name": "RoomGridDesign"}
{"timestamp": "2025-09-09T21:23:38", "revit_user": "ldelevaux", "script_name": "RoomGridDesign"}
{"timestamp": "2025-09-09T21:24:32", "revit_user": "ldelevaux", "script_name": "RoomGridDesign"}
{"timestamp": "2025-09-09T21:36:33", "revit_user": "ldelevaux", "script_name": "RoomGridDesign"}
{"timestamp": "2025-09-09T21:37:15", "revit_user": "ldelevaux", "script_name": "RoomGridDesign"}
{"timestamp": "2025-09-09T21:37:46", "revit_user": "ldelevaux", "script_name": "RoomGridDesign"}
{"timestamp": "2025-09-09T21:38:10", "revit_user": "ldelevaux", "script_name": "RoomGridDesign"}
{"timestamp": "2025-09-09T21:39:30", "revit_user": "ldelevaux", "script_name": "RoomGridDesign"}
{"timestamp": "2025-09-09T21:39:59", "revit_user": "ldelevaux", "script_name": "RoomGridDesign"}
{"timestamp": "2025-09-09T21:40:12", "revit_user": "ldelevaux", "script_name": "RoomGridDesign"}
{"timestamp": "2025-09-09T21:40:51", "revit_user": "ldelevaux", "script_name": "RoomGridDesign"}
{"timestamp": "2025-09-09T21:41:14", "revit_user": "ldelevaux", "script_name": "RoomGridDesign"}
{"timestamp": "2025-09-09T22:19:45", "revit_user": "ldelevaux", "script_name": "SmartData"}
{"timestamp": "2025-09-09T22:20:17", "revit_user": "ldelevaux", "script_name": "SmartData"}
